<?xml version="1.0" encoding="UTF-8"?>
<!-- Generated by org.testng.reporters.JUnitXMLReporter -->
<testsuite hostname="Gaurav-PC" ignored="0" name="Test" tests="6" failures="0" timestamp="08 Feb 2022 07:33:53 GMT" time="0.061" errors="0">
  <testcase name="maventest" time="0.01" classname="MavenTestjava.Testmaven.test1"/>
  <testcase name="maventest1" time="0.001" classname="MavenTestjava.Testmaven.test1"/>
  <testcase name="maventest3" time="0.0" classname="MavenTestjava.Testmaven.test2"/>
  <testcase name="maventest4" time="0.0" classname="MavenTestjava.Testmaven.test2"/>
  <testcase name="maventest" time="0.0" classname="MavenTestjava.Testmaven.Snippet"/>
  <testcase name="maventest1" time="0.0" classname="MavenTestjava.Testmaven.Snippet"/>
</testsuite> <!-- Test -->
