<?xml version="1.0" encoding="UTF-8"?>
<testng-results skipped="0" failed="0" ignored="0" total="4" passed="4">
  <reporter-output>
  </reporter-output>
  <suite name="Suite" duration-ms="76" started-at="2022-02-08T07:34:07Z" finished-at="2022-02-08T07:34:07Z">
    <groups>
    </groups>
    <test name="Smoke Test" duration-ms="76" started-at="2022-02-08T07:34:07Z" finished-at="2022-02-08T07:34:07Z">
      <class name="MavenTestjava.Testmaven.test1">
        <test-method status="PASS" signature="maventest()[pri:0, instance:MavenTestjava.Testmaven.test1@7e0ea639]" name="maventest" duration-ms="15" started-at="2022-02-08T13:04:07Z" finished-at="2022-02-08T13:04:07Z">
          <reporter-output>
          </reporter-output>
        </test-method> <!-- maventest -->
        <test-method status="PASS" signature="maventest1()[pri:0, instance:MavenTestjava.Testmaven.test1@7e0ea639]" name="maventest1" duration-ms="0" started-at="2022-02-08T13:04:07Z" finished-at="2022-02-08T13:04:07Z">
          <reporter-output>
          </reporter-output>
        </test-method> <!-- maventest1 -->
      </class> <!-- MavenTestjava.Testmaven.test1 -->
      <class name="MavenTestjava.Testmaven.test2">
        <test-method status="PASS" signature="maventest3()[pri:0, instance:MavenTestjava.Testmaven.test2@7a0ac6e3]" name="maventest3" duration-ms="1" started-at="2022-02-08T13:04:07Z" finished-at="2022-02-08T13:04:07Z">
          <reporter-output>
          </reporter-output>
        </test-method> <!-- maventest3 -->
        <test-method status="PASS" signature="maventest4()[pri:0, instance:MavenTestjava.Testmaven.test2@7a0ac6e3]" name="maventest4" duration-ms="0" started-at="2022-02-08T13:04:07Z" finished-at="2022-02-08T13:04:07Z">
          <reporter-output>
          </reporter-output>
        </test-method> <!-- maventest4 -->
      </class> <!-- MavenTestjava.Testmaven.test2 -->
    </test> <!-- Smoke Test -->
  </suite> <!-- Suite -->
</testng-results>
