<?xml version="1.0" encoding="UTF-8"?>
<testng-results skipped="0" failed="0" total="2" passed="2">
  <reporter-output>
  </reporter-output>
  <suite name="Default suite" duration-ms="124" started-at="2022-02-08T06:46:07Z" finished-at="2022-02-08T06:46:07Z">
    <groups>
    </groups>
    <test name="Default test" duration-ms="124" started-at="2022-02-08T06:46:07Z" finished-at="2022-02-08T06:46:07Z">
      <class name="MavenTestjava.Testmaven.test1">
        <test-method status="PASS" signature="maventest()[pri:0, instance:MavenTestjava.Testmaven.test1@6d00a15d]" name="maventest" duration-ms="72" started-at="2022-02-08T12:16:07Z" finished-at="2022-02-08T12:16:07Z">
          <reporter-output>
          </reporter-output>
        </test-method> <!-- maventest -->
        <test-method status="PASS" signature="maventest1()[pri:0, instance:MavenTestjava.Testmaven.test1@6d00a15d]" name="maventest1" duration-ms="1" started-at="2022-02-08T12:16:07Z" finished-at="2022-02-08T12:16:07Z">
          <reporter-output>
          </reporter-output>
        </test-method> <!-- maventest1 -->
      </class> <!-- MavenTestjava.Testmaven.test1 -->
    </test> <!-- Default test -->
  </suite> <!-- Default suite -->
</testng-results>
